<?xml version="1.0" encoding="UTF-8"?>
<robot generator="Robot 6.0.2 (Python 3.10.5 on win32)" generated="20230307 21:29:47.817" rpa="false" schemaversion="3">
<suite id="s1" name="Testes" source="C:\Users\AndersonCosta\Desktop\anderson\Projects\Swag_Labs\Tests\testes.robot">
<test id="s1-t1" name="Cenario 01: Realizar compra" line="13">
<kw name="Abrir navegador" library="base_resources" type="SETUP">
<kw name="Open Browser" library="SeleniumLibrary">
<arg>browser=chrome</arg>
<doc>Opens a new browser instance to the optional ``url``.</doc>
<msg timestamp="20230307 21:29:48.127" level="INFO">Opening browser 'chrome' to base url 'None'.</msg>
<status status="PASS" starttime="20230307 21:29:48.127" endtime="20230307 21:29:49.297"/>
</kw>
<kw name="Maximize Browser Window" library="SeleniumLibrary">
<doc>Maximizes current browser window.</doc>
<status status="PASS" starttime="20230307 21:29:49.297" endtime="20230307 21:29:49.427"/>
</kw>
<status status="PASS" starttime="20230307 21:29:48.127" endtime="20230307 21:29:49.427"/>
</kw>
<kw name="Acessar pagina inicial" library="base_resources">
<kw name="Go To" library="SeleniumLibrary">
<arg>url=${BASE_URL}</arg>
<doc>Navigates the current browser window to the provided ``url``.</doc>
<msg timestamp="20230307 21:29:49.427" level="INFO">Opening url 'https://www.saucedemo.com/'</msg>
<status status="PASS" starttime="20230307 21:29:49.427" endtime="20230307 21:29:50.170"/>
</kw>
<kw name="Wait Until Element Is Visible" library="SeleniumLibrary">
<arg>locator=${LOGIN_TITLE_PAGE}</arg>
<doc>Waits until the element ``locator`` is visible.</doc>
<status status="PASS" starttime="20230307 21:29:50.170" endtime="20230307 21:29:50.207"/>
</kw>
<status status="PASS" starttime="20230307 21:29:49.427" endtime="20230307 21:29:50.207"/>
</kw>
<kw name="Realizar login" library="login">
<kw name="Adicionar username" library="login">
<kw name="Input Text" library="SeleniumLibrary">
<arg>locator=${USERNAME_FIELD}</arg>
<arg>text=${STANDARD_USER}</arg>
<doc>Types the given ``text`` into the text field identified by ``locator``.</doc>
<msg timestamp="20230307 21:29:50.207" level="INFO">Typing text 'standard_user' into text field '//input[contains(@placeholder,'Username')]'.</msg>
<status status="PASS" starttime="20230307 21:29:50.207" endtime="20230307 21:29:50.338"/>
</kw>
<status status="PASS" starttime="20230307 21:29:50.207" endtime="20230307 21:29:50.338"/>
</kw>
<kw name="Adicionar password" library="login">
<kw name="Input Password" library="SeleniumLibrary">
<arg>locator=${PASSWORD_FIELD}</arg>
<arg>password=${PASSWORD}</arg>
<doc>Types the given password into the text field identified by ``locator``.</doc>
<msg timestamp="20230307 21:29:50.338" level="INFO">Typing password into text field '//input[contains(@placeholder,'Password')]'.</msg>
<msg timestamp="20230307 21:29:50.387" level="INFO">Temporally setting log level to: NONE</msg>
<msg timestamp="20230307 21:29:50.462" level="INFO">Log level changed from NONE to INFO.</msg>
<status status="PASS" starttime="20230307 21:29:50.338" endtime="20230307 21:29:50.462"/>
</kw>
<status status="PASS" starttime="20230307 21:29:50.338" endtime="20230307 21:29:50.462"/>
</kw>
<kw name="Click Button" library="SeleniumLibrary">
<arg>locator=${LOGIN_BUTTON}</arg>
<doc>Clicks the button identified by ``locator``.</doc>
<msg timestamp="20230307 21:29:50.462" level="INFO">Clicking button '//input[contains(@type,'submit')]'.</msg>
<status status="PASS" starttime="20230307 21:29:50.462" endtime="20230307 21:29:50.585"/>
</kw>
<kw name="Wait Until Element Is Visible" library="SeleniumLibrary">
<arg>locator=${PRODUCTS}</arg>
<doc>Waits until the element ``locator`` is visible.</doc>
<status status="PASS" starttime="20230307 21:29:50.585" endtime="20230307 21:29:50.619"/>
</kw>
<status status="PASS" starttime="20230307 21:29:50.207" endtime="20230307 21:29:50.619"/>
</kw>
<kw name="Adicionar produto mochila ao carrinho" library="products">
<kw name="Click Button" library="SeleniumLibrary">
<arg>locator=${BACKPACK}</arg>
<doc>Clicks the button identified by ``locator``.</doc>
<msg timestamp="20230307 21:29:50.623" level="INFO">Clicking button '//button[contains(@data-test,'add-to-cart-sauce-labs-backpack')]'.</msg>
<status status="PASS" starttime="20230307 21:29:50.623" endtime="20230307 21:29:50.708"/>
</kw>
<status status="PASS" starttime="20230307 21:29:50.623" endtime="20230307 21:29:50.708"/>
</kw>
<kw name="Adicionar produto jaqueta ao carrinho" library="products">
<kw name="Click Button" library="SeleniumLibrary">
<arg>locator=${JACKET}</arg>
<doc>Clicks the button identified by ``locator``.</doc>
<msg timestamp="20230307 21:29:50.708" level="INFO">Clicking button '//button[contains(@data-test,'add-to-cart-sauce-labs-fleece-jacket')]'.</msg>
<status status="PASS" starttime="20230307 21:29:50.708" endtime="20230307 21:29:50.767"/>
</kw>
<status status="PASS" starttime="20230307 21:29:50.708" endtime="20230307 21:29:50.767"/>
</kw>
<kw name="Ir para carrinho" library="cart">
<kw name="Click Element" library="SeleniumLibrary">
<arg>locator=${CART}</arg>
<doc>Click the element identified by ``locator``.</doc>
<msg timestamp="20230307 21:29:50.774" level="INFO">Clicking element '//a[contains(@class,'shopping_cart_link')]'.</msg>
<status status="PASS" starttime="20230307 21:29:50.767" endtime="20230307 21:29:50.832"/>
</kw>
<kw name="Wait Until Element Is Visible" library="SeleniumLibrary">
<arg>locator=${TITLE_CART}</arg>
<doc>Waits until the element ``locator`` is visible.</doc>
<status status="PASS" starttime="20230307 21:29:50.832" endtime="20230307 21:29:50.861"/>
</kw>
<status status="PASS" starttime="20230307 21:29:50.767" endtime="20230307 21:29:50.861"/>
</kw>
<kw name="Confirmar carrinho" library="cart">
<kw name="Click Button" library="SeleniumLibrary">
<arg>locator=${CHECKOUT_BUTTON}</arg>
<doc>Clicks the button identified by ``locator``.</doc>
<msg timestamp="20230307 21:29:50.863" level="INFO">Clicking button '//button[contains(@id,'checkout')]'.</msg>
<status status="PASS" starttime="20230307 21:29:50.863" endtime="20230307 21:29:50.937"/>
</kw>
<kw name="Wait Until Element Is Visible" library="SeleniumLibrary">
<arg>locator=${CHECKOUT_TITLE}</arg>
<doc>Waits until the element ``locator`` is visible.</doc>
<status status="PASS" starttime="20230307 21:29:50.937" endtime="20230307 21:29:50.962"/>
</kw>
<status status="PASS" starttime="20230307 21:29:50.861" endtime="20230307 21:29:50.962"/>
</kw>
<kw name="Adicionar informacao ao checkout" library="checkout">
<kw name="Adicionar first name" library="checkout">
<kw name="Input Text" library="SeleniumLibrary">
<arg>locator=${FIRST_NAME_FIELD}</arg>
<arg>text=Zezinho</arg>
<doc>Types the given ``text`` into the text field identified by ``locator``.</doc>
<msg timestamp="20230307 21:29:50.962" level="INFO">Typing text 'Zezinho' into text field '//input[contains(@placeholder,'First Name')]'.</msg>
<status status="PASS" starttime="20230307 21:29:50.962" endtime="20230307 21:29:51.093"/>
</kw>
<status status="PASS" starttime="20230307 21:29:50.962" endtime="20230307 21:29:51.093"/>
</kw>
<kw name="Adicionar last name" library="checkout">
<kw name="Input Text" library="SeleniumLibrary">
<arg>locator=${LAST_NAME_FIELD}</arg>
<arg>text=Silva</arg>
<doc>Types the given ``text`` into the text field identified by ``locator``.</doc>
<msg timestamp="20230307 21:29:51.093" level="INFO">Typing text 'Silva' into text field '//input[contains(@placeholder,'Last Name')]'.</msg>
<status status="PASS" starttime="20230307 21:29:51.093" endtime="20230307 21:29:51.197"/>
</kw>
<status status="PASS" starttime="20230307 21:29:51.093" endtime="20230307 21:29:51.203"/>
</kw>
<kw name="Adicionar postal code" library="checkout">
<kw name="Input Text" library="SeleniumLibrary">
<arg>locator=${POSTAL_CODE_FIELD}</arg>
<arg>text=132131</arg>
<doc>Types the given ``text`` into the text field identified by ``locator``.</doc>
<msg timestamp="20230307 21:29:51.203" level="INFO">Typing text '132131' into text field '//input[contains(@placeholder,'Zip/Postal Code')]'.</msg>
<status status="PASS" starttime="20230307 21:29:51.203" endtime="20230307 21:29:51.334"/>
</kw>
<status status="PASS" starttime="20230307 21:29:51.203" endtime="20230307 21:29:51.334"/>
</kw>
<status status="PASS" starttime="20230307 21:29:50.962" endtime="20230307 21:29:51.334"/>
</kw>
<kw name="Confirmar checkout" library="checkout">
<kw name="Click Element" library="SeleniumLibrary">
<arg>locator=${CONTINUE_BUTTON}</arg>
<doc>Click the element identified by ``locator``.</doc>
<msg timestamp="20230307 21:29:51.337" level="INFO">Clicking element '//input[contains(@type,'submit')]'.</msg>
<status status="PASS" starttime="20230307 21:29:51.337" endtime="20230307 21:29:51.416"/>
</kw>
<kw name="Wait Until Element Is Visible" library="SeleniumLibrary">
<arg>locator=${CHECKOUT_OVERVIEW}</arg>
<doc>Waits until the element ``locator`` is visible.</doc>
<status status="PASS" starttime="20230307 21:29:51.416" endtime="20230307 21:29:51.447"/>
</kw>
<status status="PASS" starttime="20230307 21:29:51.337" endtime="20230307 21:29:51.447"/>
</kw>
<kw name="Finalizar compra" library="checkout_overview">
<kw name="Click Button" library="SeleniumLibrary">
<arg>locator=${FINISH_BUTTON}</arg>
<doc>Clicks the button identified by ``locator``.</doc>
<msg timestamp="20230307 21:29:51.447" level="INFO">Clicking button '//button[contains(@id,'finish')]'.</msg>
<status status="PASS" starttime="20230307 21:29:51.447" endtime="20230307 21:29:51.557"/>
</kw>
<kw name="Wait Until Element Is Visible" library="SeleniumLibrary">
<arg>locator=${THANK_YOU_STATEMENT}</arg>
<doc>Waits until the element ``locator`` is visible.</doc>
<status status="PASS" starttime="20230307 21:29:51.557" endtime="20230307 21:29:51.587"/>
</kw>
<status status="PASS" starttime="20230307 21:29:51.447" endtime="20230307 21:29:51.587"/>
</kw>
<kw name="Fechar navegador" library="base_resources" type="TEARDOWN">
<kw name="Capture Page Screenshot" library="SeleniumLibrary">
<doc>Takes a screenshot of the current page and embeds it into a log file.</doc>
<msg timestamp="20230307 21:29:51.689" level="INFO" html="true">&lt;/td&gt;&lt;/tr&gt;&lt;tr&gt;&lt;td colspan="3"&gt;&lt;a href="selenium-screenshot-5.png"&gt;&lt;img src="selenium-screenshot-5.png" width="800px"&gt;&lt;/a&gt;</msg>
<status status="PASS" starttime="20230307 21:29:51.587" endtime="20230307 21:29:51.689"/>
</kw>
<kw name="Close Browser" library="SeleniumLibrary">
<doc>Closes the current browser.</doc>
<status status="PASS" starttime="20230307 21:29:51.689" endtime="20230307 21:29:53.991"/>
</kw>
<status status="PASS" starttime="20230307 21:29:51.587" endtime="20230307 21:29:53.992"/>
</kw>
<status status="PASS" starttime="20230307 21:29:48.122" endtime="20230307 21:29:53.992"/>
</test>
<status status="PASS" starttime="20230307 21:29:47.819" endtime="20230307 21:29:53.992"/>
</suite>
<statistics>
<total>
<stat pass="1" fail="0" skip="0">All Tests</stat>
</total>
<tag>
</tag>
<suite>
<stat pass="1" fail="0" skip="0" id="s1" name="Testes">Testes</stat>
</suite>
</statistics>
<errors>
</errors>
</robot>
